<?xml version="1.0" encoding="UTF-8"?>
<testng-results ignored="0" total="16" passed="12" failed="4" skipped="0">
  <reporter-output>
  </reporter-output>
  <suite started-at="2025-03-21T22:21:56 PDT" name="Suite" finished-at="2025-03-21T22:25:43 PDT" duration-ms="226966">
    <groups>
      <group name="cucumber">
        <method signature="AbstractTestNGCucumberTests.runScenario(io.cucumber.testng.PickleWrapper,io.cucumber.testng.FeatureWrapper)[pri:0, instance:com.zerobank.runner.TestRunner@7e057f43]" name="runScenario" class="io.cucumber.testng.AbstractTestNGCucumberTests"/>
      </group> <!-- cucumber -->
    </groups>
    <test started-at="2025-03-21T22:21:56 PDT" name="Test" finished-at="2025-03-21T22:25:43 PDT" duration-ms="226966">
      <class name="com.zerobank.runner.TestRunner">
        <test-method is-config="true" signature="setUpClass(org.testng.ITestContext)[pri:0, instance:com.zerobank.runner.TestRunner@7e057f43]" started-at="2025-03-21T22:21:56 PDT" name="setUpClass" finished-at="2025-03-21T22:21:58 PDT" duration-ms="2129" status="PASS">
          <params>
            <param index="0">
              <value>
                <![CDATA[org.testng.TestRunner@6b630d4b]]>
              </value>
            </param>
          </params>
          <reporter-output>
          </reporter-output>
        </test-method> <!-- setUpClass -->
        <test-method signature="runScenario(io.cucumber.testng.PickleWrapper,io.cucumber.testng.FeatureWrapper)[pri:0, instance:com.zerobank.runner.TestRunner@7e057f43]" started-at="2025-03-21T22:21:58 PDT" name="runScenario" description="Runs Cucumber Scenarios" data-provider="scenarios" finished-at="2025-03-21T22:22:17 PDT" duration-ms="18626" status="PASS">
          <params>
            <param index="0">
              <value>
                <![CDATA["successful Bill Payment"]]>
              </value>
            </param>
            <param index="1">
              <value>
                <![CDATA["User Login and Bill Payment fucntionality"]]>
              </value>
            </param>
          </params>
          <reporter-output>
          </reporter-output>
        </test-method> <!-- runScenario -->
        <test-method signature="runScenario(io.cucumber.testng.PickleWrapper,io.cucumber.testng.FeatureWrapper)[pri:0, instance:com.zerobank.runner.TestRunner@7e057f43]" started-at="2025-03-21T22:22:17 PDT" name="runScenario" description="Runs Cucumber Scenarios" data-provider="scenarios" finished-at="2025-03-21T22:22:36 PDT" duration-ms="19123" status="PASS">
          <params>
            <param index="0">
              <value>
                <![CDATA["Scheduling a bill payment for future date"]]>
              </value>
            </param>
            <param index="1">
              <value>
                <![CDATA["User Login and Bill Payment fucntionality"]]>
              </value>
            </param>
          </params>
          <reporter-output>
          </reporter-output>
        </test-method> <!-- runScenario -->
        <test-method signature="runScenario(io.cucumber.testng.PickleWrapper,io.cucumber.testng.FeatureWrapper)[pri:0, instance:com.zerobank.runner.TestRunner@7e057f43]" started-at="2025-03-21T22:22:36 PDT" name="runScenario" description="Runs Cucumber Scenarios" data-provider="scenarios" finished-at="2025-03-21T22:23:01 PDT" duration-ms="25647" status="FAIL">
          <params>
            <param index="0">
              <value>
                <![CDATA["Pay bills without entering Amount"]]>
              </value>
            </param>
            <param index="1">
              <value>
                <![CDATA["User Login and Bill Payment fucntionality"]]>
              </value>
            </param>
          </params>
          <exception class="java.lang.AssertionError">
            <full-stacktrace>
              <![CDATA[java.lang.AssertionError
at org.junit.Assert.fail(Assert.java:87)
at org.junit.Assert.assertTrue(Assert.java:42)
at org.junit.Assert.assertTrue(Assert.java:53)
at com.zerobank.steps.BankSteps.alert_is_displayed(BankSteps.java:209)
at ✽."Amount field cannot be empty" alert is displayed(file:///C:/Users/Administrator/Desktop/final/zero-bank-capstone/src/test/resources/zerobank.Features/Bill%20Payment.feature:29)
]]>
            </full-stacktrace>
          </exception> <!-- java.lang.AssertionError -->
          <reporter-output>
          </reporter-output>
        </test-method> <!-- runScenario -->
        <test-method signature="runScenario(io.cucumber.testng.PickleWrapper,io.cucumber.testng.FeatureWrapper)[pri:0, instance:com.zerobank.runner.TestRunner@7e057f43]" started-at="2025-03-21T22:23:01 PDT" name="runScenario" description="Runs Cucumber Scenarios" data-provider="scenarios" finished-at="2025-03-21T22:23:18 PDT" duration-ms="16408" status="PASS">
          <params>
            <param index="0">
              <value>
                <![CDATA["Successfully Add new Payee"]]>
              </value>
            </param>
            <param index="1">
              <value>
                <![CDATA["User Login and Bill Payment fucntionality"]]>
              </value>
            </param>
          </params>
          <reporter-output>
          </reporter-output>
        </test-method> <!-- runScenario -->
        <test-method signature="runScenario(io.cucumber.testng.PickleWrapper,io.cucumber.testng.FeatureWrapper)[pri:0, instance:com.zerobank.runner.TestRunner@7e057f43]" started-at="2025-03-21T22:23:18 PDT" name="runScenario" description="Runs Cucumber Scenarios" data-provider="scenarios" finished-at="2025-03-21T22:23:35 PDT" duration-ms="17207" status="FAIL">
          <params>
            <param index="0">
              <value>
                <![CDATA["Add payee with missing Details"]]>
              </value>
            </param>
            <param index="1">
              <value>
                <![CDATA["User Login and Bill Payment fucntionality"]]>
              </value>
            </param>
          </params>
          <exception class="java.lang.AssertionError">
            <full-stacktrace>
              <![CDATA[java.lang.AssertionError
at org.junit.Assert.fail(Assert.java:87)
at org.junit.Assert.assertTrue(Assert.java:42)
at org.junit.Assert.assertTrue(Assert.java:53)
at com.zerobank.steps.BankSteps.error_should_be_displayed(BankSteps.java:237)
at ✽.Error "All fields are required" should be displayed.(file:///C:/Users/Administrator/Desktop/final/zero-bank-capstone/src/test/resources/zerobank.Features/Bill%20Payment.feature:43)
]]>
            </full-stacktrace>
          </exception> <!-- java.lang.AssertionError -->
          <reporter-output>
          </reporter-output>
        </test-method> <!-- runScenario -->
        <test-method signature="runScenario(io.cucumber.testng.PickleWrapper,io.cucumber.testng.FeatureWrapper)[pri:0, instance:com.zerobank.runner.TestRunner@7e057f43]" started-at="2025-03-21T22:23:35 PDT" name="runScenario" description="Runs Cucumber Scenarios" data-provider="scenarios" finished-at="2025-03-21T22:23:51 PDT" duration-ms="16163" status="PASS">
          <params>
            <param index="0">
              <value>
                <![CDATA["To  Verfiy that the account Statement can be downloaded"]]>
              </value>
            </param>
            <param index="1">
              <value>
                <![CDATA["Checking on account statement pdf Download"]]>
              </value>
            </param>
          </params>
          <reporter-output>
          </reporter-output>
        </test-method> <!-- runScenario -->
        <test-method signature="runScenario(io.cucumber.testng.PickleWrapper,io.cucumber.testng.FeatureWrapper)[pri:0, instance:com.zerobank.runner.TestRunner@7e057f43]" started-at="2025-03-21T22:23:51 PDT" name="runScenario" description="Runs Cucumber Scenarios" data-provider="scenarios" finished-at="2025-03-21T22:24:03 PDT" duration-ms="12302" status="PASS">
          <params>
            <param index="0">
              <value>
                <![CDATA["Successful Fund Transfer"]]>
              </value>
            </param>
            <param index="1">
              <value>
                <![CDATA["User Login and Fund Transfer functionality"]]>
              </value>
            </param>
          </params>
          <reporter-output>
          </reporter-output>
        </test-method> <!-- runScenario -->
        <test-method signature="runScenario(io.cucumber.testng.PickleWrapper,io.cucumber.testng.FeatureWrapper)[pri:0, instance:com.zerobank.runner.TestRunner@7e057f43]" started-at="2025-03-21T22:24:03 PDT" name="runScenario" description="Runs Cucumber Scenarios" data-provider="scenarios" finished-at="2025-03-21T22:24:17 PDT" duration-ms="13670" status="FAIL">
          <params>
            <param index="0">
              <value>
                <![CDATA["Fund transfer with insufficient balance"]]>
              </value>
            </param>
            <param index="1">
              <value>
                <![CDATA["User Login and Fund Transfer functionality"]]>
              </value>
            </param>
          </params>
          <exception class="java.lang.AssertionError">
            <full-stacktrace>
              <![CDATA[java.lang.AssertionError
at org.junit.Assert.fail(Assert.java:87)
at org.junit.Assert.assertTrue(Assert.java:42)
at org.junit.Assert.assertTrue(Assert.java:53)
at com.zerobank.steps.BankSteps.should_be_displayed(BankSteps.java:167)
at ✽."Insufficent funds" should be displayed(file:///C:/Users/Administrator/Desktop/final/zero-bank-capstone/src/test/resources/zerobank.Features/FundTransferModule.feature:22)
]]>
            </full-stacktrace>
          </exception> <!-- java.lang.AssertionError -->
          <reporter-output>
          </reporter-output>
        </test-method> <!-- runScenario -->
        <test-method signature="runScenario(io.cucumber.testng.PickleWrapper,io.cucumber.testng.FeatureWrapper)[pri:0, instance:com.zerobank.runner.TestRunner@7e057f43]" started-at="2025-03-21T22:24:17 PDT" name="runScenario" description="Runs Cucumber Scenarios" data-provider="scenarios" finished-at="2025-03-21T22:24:32 PDT" duration-ms="15208" status="FAIL">
          <params>
            <param index="0">
              <value>
                <![CDATA["Fund transfer with negative amount"]]>
              </value>
            </param>
            <param index="1">
              <value>
                <![CDATA["User Login and Fund Transfer functionality"]]>
              </value>
            </param>
          </params>
          <exception class="java.lang.AssertionError">
            <full-stacktrace>
              <![CDATA[java.lang.AssertionError
at org.junit.Assert.fail(Assert.java:87)
at org.junit.Assert.assertTrue(Assert.java:42)
at org.junit.Assert.assertTrue(Assert.java:53)
at com.zerobank.steps.BankSteps.should_be_displayed(BankSteps.java:167)
at ✽."Invalid amount entered" should be displayed(file:///C:/Users/Administrator/Desktop/final/zero-bank-capstone/src/test/resources/zerobank.Features/FundTransferModule.feature:29)
]]>
            </full-stacktrace>
          </exception> <!-- java.lang.AssertionError -->
          <reporter-output>
          </reporter-output>
        </test-method> <!-- runScenario -->
        <test-method signature="runScenario(io.cucumber.testng.PickleWrapper,io.cucumber.testng.FeatureWrapper)[pri:0, instance:com.zerobank.runner.TestRunner@7e057f43]" started-at="2025-03-21T22:24:32 PDT" name="runScenario" description="Runs Cucumber Scenarios" data-provider="scenarios" finished-at="2025-03-21T22:24:42 PDT" duration-ms="10004" status="PASS">
          <params>
            <param index="0">
              <value>
                <![CDATA["To check user can logout successfully"]]>
              </value>
            </param>
            <param index="1">
              <value>
                <![CDATA["User Login and Logout Functionality"]]>
              </value>
            </param>
          </params>
          <reporter-output>
          </reporter-output>
        </test-method> <!-- runScenario -->
        <test-method signature="runScenario(io.cucumber.testng.PickleWrapper,io.cucumber.testng.FeatureWrapper)[pri:0, instance:com.zerobank.runner.TestRunner@7e057f43]" started-at="2025-03-21T22:24:42 PDT" name="runScenario" description="Runs Cucumber Scenarios" data-provider="scenarios" finished-at="2025-03-21T22:24:53 PDT" duration-ms="10626" status="PASS">
          <params>
            <param index="0">
              <value>
                <![CDATA["To ensure session expire after logout"]]>
              </value>
            </param>
            <param index="1">
              <value>
                <![CDATA["User Login and Logout Functionality"]]>
              </value>
            </param>
          </params>
          <reporter-output>
          </reporter-output>
        </test-method> <!-- runScenario -->
        <test-method signature="runScenario(io.cucumber.testng.PickleWrapper,io.cucumber.testng.FeatureWrapper)[pri:0, instance:com.zerobank.runner.TestRunner@7e057f43]" started-at="2025-03-21T22:24:53 PDT" name="runScenario" description="Runs Cucumber Scenarios" data-provider="scenarios" finished-at="2025-03-21T22:25:04 PDT" duration-ms="10819" status="PASS">
          <params>
            <param index="0">
              <value>
                <![CDATA["verify the correctness of account details"]]>
              </value>
            </param>
            <param index="1">
              <value>
                <![CDATA["User Login and Account Summary Functionality"]]>
              </value>
            </param>
          </params>
          <reporter-output>
          </reporter-output>
        </test-method> <!-- runScenario -->
        <test-method signature="runScenario(io.cucumber.testng.PickleWrapper,io.cucumber.testng.FeatureWrapper)[pri:0, instance:com.zerobank.runner.TestRunner@7e057f43]" started-at="2025-03-21T22:25:04 PDT" name="runScenario" description="Runs Cucumber Scenarios" data-provider="scenarios" finished-at="2025-03-21T22:25:16 PDT" duration-ms="11872" status="PASS">
          <params>
            <param index="0">
              <value>
                <![CDATA["Validate Account types"]]>
              </value>
            </param>
            <param index="1">
              <value>
                <![CDATA["User Login and Account Summary Functionality"]]>
              </value>
            </param>
          </params>
          <reporter-output>
          </reporter-output>
        </test-method> <!-- runScenario -->
        <test-method signature="runScenario(io.cucumber.testng.PickleWrapper,io.cucumber.testng.FeatureWrapper)[pri:0, instance:com.zerobank.runner.TestRunner@7e057f43]" started-at="2025-03-21T22:25:16 PDT" name="runScenario" description="Runs Cucumber Scenarios" data-provider="scenarios" finished-at="2025-03-21T22:25:25 PDT" duration-ms="9196" status="PASS">
          <params>
            <param index="0">
              <value>
                <![CDATA["User login valid credentials"]]>
              </value>
            </param>
            <param index="1">
              <value>
                <![CDATA["User Login and Account Summary Functionality"]]>
              </value>
            </param>
          </params>
          <reporter-output>
          </reporter-output>
        </test-method> <!-- runScenario -->
        <test-method signature="runScenario(io.cucumber.testng.PickleWrapper,io.cucumber.testng.FeatureWrapper)[pri:0, instance:com.zerobank.runner.TestRunner@7e057f43]" started-at="2025-03-21T22:25:25 PDT" name="runScenario" description="Runs Cucumber Scenarios" data-provider="scenarios" finished-at="2025-03-21T22:25:34 PDT" duration-ms="8933" status="PASS">
          <params>
            <param index="0">
              <value>
                <![CDATA["User login invalid credentials"]]>
              </value>
            </param>
            <param index="1">
              <value>
                <![CDATA["User Login and Account Summary Functionality"]]>
              </value>
            </param>
          </params>
          <reporter-output>
          </reporter-output>
        </test-method> <!-- runScenario -->
        <test-method signature="runScenario(io.cucumber.testng.PickleWrapper,io.cucumber.testng.FeatureWrapper)[pri:0, instance:com.zerobank.runner.TestRunner@7e057f43]" started-at="2025-03-21T22:25:34 PDT" name="runScenario" description="Runs Cucumber Scenarios" data-provider="scenarios" finished-at="2025-03-21T22:25:42 PDT" duration-ms="7794" status="PASS">
          <params>
            <param index="0">
              <value>
                <![CDATA["User login invalid credentials"]]>
              </value>
            </param>
            <param index="1">
              <value>
                <![CDATA["User Login and Account Summary Functionality"]]>
              </value>
            </param>
          </params>
          <reporter-output>
          </reporter-output>
        </test-method> <!-- runScenario -->
        <test-method is-config="true" signature="tearDownClass()[pri:0, instance:com.zerobank.runner.TestRunner@7e057f43]" started-at="2025-03-21T22:25:42 PDT" name="tearDownClass" finished-at="2025-03-21T22:25:43 PDT" duration-ms="1038" status="PASS">
          <reporter-output>
          </reporter-output>
        </test-method> <!-- tearDownClass -->
      </class> <!-- com.zerobank.runner.TestRunner -->
    </test> <!-- Test -->
  </suite> <!-- Suite -->
</testng-results>
