<html>
<head>
<title>TestNG:  Test</title>
<link href="../testng.css" rel="stylesheet" type="text/css" />
<link href="../my-testng.css" rel="stylesheet" type="text/css" />

<style type="text/css">
.log { display: none;} 
.stack-trace { display: none;} 
</style>
<script type="text/javascript">
<!--
function flip(e) {
  current = e.style.display;
  if (current == 'block') {
    e.style.display = 'none';
    return 0;
  }
  else {
    e.style.display = 'block';
    return 1;
  }
}

function toggleBox(szDivId, elem, msg1, msg2)
{
  var res = -1;  if (document.getElementById) {
    res = flip(document.getElementById(szDivId));
  }
  else if (document.all) {
    // this is the way old msie versions work
    res = flip(document.all[szDivId]);
  }
  if(elem) {
    if(res == 0) elem.innerHTML = msg1; else elem.innerHTML = msg2;
  }

}

function toggleAllBoxes() {
  if (document.getElementsByTagName) {
    d = document.getElementsByTagName('div');
    for (i = 0; i < d.length; i++) {
      if (d[i].className == 'log') {
        flip(d[i]);
      }
    }
  }
}

// -->
</script>

</head>
<body>
<h2 align='center'>Test</h2><table border='1' align="center">
<tr>
<td>Tests passed/Failed/Skipped:</td><td>12/4/0</td>
</tr><tr>
<td>Started on:</td><td>Fri Mar 21 22:21:56 PDT 2025</td>
</tr>
<tr><td>Total time:</td><td>226 seconds (226966 ms)</td>
</tr><tr>
<td>Included groups:</td><td></td>
</tr><tr>
<td>Excluded groups:</td><td></td>
</tr>
</table><p/>
<small><i>(Hover the method name to see the test class name)</i></small><p/>
<table width='100%' border='1' class='invocation-failed'>
<tr><td colspan='4' align='center'><b>FAILED TESTS</b></td></tr>
<tr><td><b>Test method</b></td>
<td><b>Attribute(s)</b></td>
<td width="30%"><b>Exception</b></td>
<td width="10%"><b>Time (seconds)</b></td>
<td><b>Instance</b></td>
</tr>
<tr>
<td title='com.zerobank.runner.TestRunner.runScenario()'><b>runScenario</b><br>Test class: com.zerobank.runner.TestRunner<br>Test method: Runs Cucumber Scenarios<br>Parameters: "Fund transfer with negative amount", "User Login and Fund Transfer functionality"</td>
<td><div><pre>java.lang.AssertionError
	at org.junit.Assert.fail(Assert.java:87)
	at org.junit.Assert.assertTrue(Assert.java:42)
	at org.junit.Assert.assertTrue(Assert.java:53)
	at com.zerobank.steps.BankSteps.should_be_displayed(BankSteps.java:167)
	at ?.&quot;Invalid amount entered&quot; should be displayed(file:///C:/Users/Administrator/Desktop/final/zero-bank-capstone/src/test/resources/zerobank.Features/FundTransferModule.feature:29)
</pre></div><a href='#' onClick='toggleBox("stack-trace1603493193", this, "Click to show all stack frames", "Click to hide stack frames")'>Click to show all stack frames</a>
<div class='stack-trace' id='stack-trace1603493193'><pre>java.lang.AssertionError
	at org.junit.Assert.fail(Assert.java:87)
	at org.junit.Assert.assertTrue(Assert.java:42)
	at org.junit.Assert.assertTrue(Assert.java:53)
	at com.zerobank.steps.BankSteps.should_be_displayed(BankSteps.java:167)
	at ?.&quot;Invalid amount entered&quot; should be displayed(file:///C:/Users/Administrator/Desktop/final/zero-bank-capstone/src/test/resources/zerobank.Features/FundTransferModule.feature:29)
</pre></div></td>
<td>15</td>
<td>com.zerobank.runner.TestRunner@7e057f43</td></tr>
<tr>
<td title='com.zerobank.runner.TestRunner.runScenario()'><b>runScenario</b><br>Test class: com.zerobank.runner.TestRunner<br>Test method: Runs Cucumber Scenarios<br>Parameters: "Add payee with missing Details", "User Login and Bill Payment fucntionality"</td>
<td><div><pre>java.lang.AssertionError
	at org.junit.Assert.fail(Assert.java:87)
	at org.junit.Assert.assertTrue(Assert.java:42)
	at org.junit.Assert.assertTrue(Assert.java:53)
	at com.zerobank.steps.BankSteps.error_should_be_displayed(BankSteps.java:237)
	at ?.Error &quot;All fields are required&quot; should be displayed.(file:///C:/Users/Administrator/Desktop/final/zero-bank-capstone/src/test/resources/zerobank.Features/Bill%20Payment.feature:43)
</pre></div><a href='#' onClick='toggleBox("stack-trace1231205406", this, "Click to show all stack frames", "Click to hide stack frames")'>Click to show all stack frames</a>
<div class='stack-trace' id='stack-trace1231205406'><pre>java.lang.AssertionError
	at org.junit.Assert.fail(Assert.java:87)
	at org.junit.Assert.assertTrue(Assert.java:42)
	at org.junit.Assert.assertTrue(Assert.java:53)
	at com.zerobank.steps.BankSteps.error_should_be_displayed(BankSteps.java:237)
	at ?.Error &quot;All fields are required&quot; should be displayed.(file:///C:/Users/Administrator/Desktop/final/zero-bank-capstone/src/test/resources/zerobank.Features/Bill%20Payment.feature:43)
</pre></div></td>
<td>17</td>
<td>com.zerobank.runner.TestRunner@7e057f43</td></tr>
<tr>
<td title='com.zerobank.runner.TestRunner.runScenario()'><b>runScenario</b><br>Test class: com.zerobank.runner.TestRunner<br>Test method: Runs Cucumber Scenarios<br>Parameters: "Fund transfer with insufficient balance", "User Login and Fund Transfer functionality"</td>
<td><div><pre>java.lang.AssertionError
	at org.junit.Assert.fail(Assert.java:87)
	at org.junit.Assert.assertTrue(Assert.java:42)
	at org.junit.Assert.assertTrue(Assert.java:53)
	at com.zerobank.steps.BankSteps.should_be_displayed(BankSteps.java:167)
	at ?.&quot;Insufficent funds&quot; should be displayed(file:///C:/Users/Administrator/Desktop/final/zero-bank-capstone/src/test/resources/zerobank.Features/FundTransferModule.feature:22)
</pre></div><a href='#' onClick='toggleBox("stack-trace1892928959", this, "Click to show all stack frames", "Click to hide stack frames")'>Click to show all stack frames</a>
<div class='stack-trace' id='stack-trace1892928959'><pre>java.lang.AssertionError
	at org.junit.Assert.fail(Assert.java:87)
	at org.junit.Assert.assertTrue(Assert.java:42)
	at org.junit.Assert.assertTrue(Assert.java:53)
	at com.zerobank.steps.BankSteps.should_be_displayed(BankSteps.java:167)
	at ?.&quot;Insufficent funds&quot; should be displayed(file:///C:/Users/Administrator/Desktop/final/zero-bank-capstone/src/test/resources/zerobank.Features/FundTransferModule.feature:22)
</pre></div></td>
<td>13</td>
<td>com.zerobank.runner.TestRunner@7e057f43</td></tr>
<tr>
<td title='com.zerobank.runner.TestRunner.runScenario()'><b>runScenario</b><br>Test class: com.zerobank.runner.TestRunner<br>Test method: Runs Cucumber Scenarios<br>Parameters: "Pay bills without entering Amount", "User Login and Bill Payment fucntionality"</td>
<td><div><pre>java.lang.AssertionError
	at org.junit.Assert.fail(Assert.java:87)
	at org.junit.Assert.assertTrue(Assert.java:42)
	at org.junit.Assert.assertTrue(Assert.java:53)
	at com.zerobank.steps.BankSteps.alert_is_displayed(BankSteps.java:209)
	at ?.&quot;Amount field cannot be empty&quot; alert is displayed(file:///C:/Users/Administrator/Desktop/final/zero-bank-capstone/src/test/resources/zerobank.Features/Bill%20Payment.feature:29)
</pre></div><a href='#' onClick='toggleBox("stack-trace1573349881", this, "Click to show all stack frames", "Click to hide stack frames")'>Click to show all stack frames</a>
<div class='stack-trace' id='stack-trace1573349881'><pre>java.lang.AssertionError
	at org.junit.Assert.fail(Assert.java:87)
	at org.junit.Assert.assertTrue(Assert.java:42)
	at org.junit.Assert.assertTrue(Assert.java:53)
	at com.zerobank.steps.BankSteps.alert_is_displayed(BankSteps.java:209)
	at ?.&quot;Amount field cannot be empty&quot; alert is displayed(file:///C:/Users/Administrator/Desktop/final/zero-bank-capstone/src/test/resources/zerobank.Features/Bill%20Payment.feature:29)
</pre></div></td>
<td>25</td>
<td>com.zerobank.runner.TestRunner@7e057f43</td></tr>
</table><p>
<table width='100%' border='1' class='invocation-passed'>
<tr><td colspan='4' align='center'><b>PASSED TESTS</b></td></tr>
<tr><td><b>Test method</b></td>
<td><b>Attribute(s)</b></td>
<td width="30%"><b>Exception</b></td>
<td width="10%"><b>Time (seconds)</b></td>
<td><b>Instance</b></td>
</tr>
<tr>
<td title='com.zerobank.runner.TestRunner.runScenario()'><b>runScenario</b><br>Test class: com.zerobank.runner.TestRunner<br>Test method: Runs Cucumber Scenarios<br>Parameters: "Successful Fund Transfer", "User Login and Fund Transfer functionality"</td>
<td></td>
<td>12</td>
<td>com.zerobank.runner.TestRunner@7e057f43</td></tr>
<tr>
<td title='com.zerobank.runner.TestRunner.runScenario()'><b>runScenario</b><br>Test class: com.zerobank.runner.TestRunner<br>Test method: Runs Cucumber Scenarios<br>Parameters: "verify the correctness of account details", "User Login and Account Summary Functionality"</td>
<td></td>
<td>10</td>
<td>com.zerobank.runner.TestRunner@7e057f43</td></tr>
<tr>
<td title='com.zerobank.runner.TestRunner.runScenario()'><b>runScenario</b><br>Test class: com.zerobank.runner.TestRunner<br>Test method: Runs Cucumber Scenarios<br>Parameters: "successful Bill Payment", "User Login and Bill Payment fucntionality"</td>
<td></td>
<td>18</td>
<td>com.zerobank.runner.TestRunner@7e057f43</td></tr>
<tr>
<td title='com.zerobank.runner.TestRunner.runScenario()'><b>runScenario</b><br>Test class: com.zerobank.runner.TestRunner<br>Test method: Runs Cucumber Scenarios<br>Parameters: "User login invalid credentials", "User Login and Account Summary Functionality"</td>
<td></td>
<td>7</td>
<td>com.zerobank.runner.TestRunner@7e057f43</td></tr>
<tr>
<td title='com.zerobank.runner.TestRunner.runScenario()'><b>runScenario</b><br>Test class: com.zerobank.runner.TestRunner<br>Test method: Runs Cucumber Scenarios<br>Parameters: "Validate Account types", "User Login and Account Summary Functionality"</td>
<td></td>
<td>11</td>
<td>com.zerobank.runner.TestRunner@7e057f43</td></tr>
<tr>
<td title='com.zerobank.runner.TestRunner.runScenario()'><b>runScenario</b><br>Test class: com.zerobank.runner.TestRunner<br>Test method: Runs Cucumber Scenarios<br>Parameters: "To check user can logout successfully", "User Login and Logout Functionality"</td>
<td></td>
<td>10</td>
<td>com.zerobank.runner.TestRunner@7e057f43</td></tr>
<tr>
<td title='com.zerobank.runner.TestRunner.runScenario()'><b>runScenario</b><br>Test class: com.zerobank.runner.TestRunner<br>Test method: Runs Cucumber Scenarios<br>Parameters: "Successfully Add new Payee", "User Login and Bill Payment fucntionality"</td>
<td></td>
<td>16</td>
<td>com.zerobank.runner.TestRunner@7e057f43</td></tr>
<tr>
<td title='com.zerobank.runner.TestRunner.runScenario()'><b>runScenario</b><br>Test class: com.zerobank.runner.TestRunner<br>Test method: Runs Cucumber Scenarios<br>Parameters: "To ensure session expire after logout", "User Login and Logout Functionality"</td>
<td></td>
<td>10</td>
<td>com.zerobank.runner.TestRunner@7e057f43</td></tr>
<tr>
<td title='com.zerobank.runner.TestRunner.runScenario()'><b>runScenario</b><br>Test class: com.zerobank.runner.TestRunner<br>Test method: Runs Cucumber Scenarios<br>Parameters: "To  Verfiy that the account Statement can be downloaded", "Checking on account statement pdf Download"</td>
<td></td>
<td>16</td>
<td>com.zerobank.runner.TestRunner@7e057f43</td></tr>
<tr>
<td title='com.zerobank.runner.TestRunner.runScenario()'><b>runScenario</b><br>Test class: com.zerobank.runner.TestRunner<br>Test method: Runs Cucumber Scenarios<br>Parameters: "User login invalid credentials", "User Login and Account Summary Functionality"</td>
<td></td>
<td>8</td>
<td>com.zerobank.runner.TestRunner@7e057f43</td></tr>
<tr>
<td title='com.zerobank.runner.TestRunner.runScenario()'><b>runScenario</b><br>Test class: com.zerobank.runner.TestRunner<br>Test method: Runs Cucumber Scenarios<br>Parameters: "Scheduling a bill payment for future date", "User Login and Bill Payment fucntionality"</td>
<td></td>
<td>19</td>
<td>com.zerobank.runner.TestRunner@7e057f43</td></tr>
<tr>
<td title='com.zerobank.runner.TestRunner.runScenario()'><b>runScenario</b><br>Test class: com.zerobank.runner.TestRunner<br>Test method: Runs Cucumber Scenarios<br>Parameters: "User login valid credentials", "User Login and Account Summary Functionality"</td>
<td></td>
<td>9</td>
<td>com.zerobank.runner.TestRunner@7e057f43</td></tr>
</table><p>
</body>
</html>